{
  "RSpec": {
    "coverage": {
      "/Users/Edward/Projects/podmedics_victory/app/controllers/sessions_controller.rb": [
        1,
        null,
        1,
        null,
        null,
        1,
        142,
        142,
        140,
        140,
        null,
        2,
        2,
        null,
        null,
        null,
        1,
        8,
        8,
        8,
        null,
        null,
        1,
        null,
        null,
        1,
        6,
        6,
        null,
        null,
        1,
        null,
        1,
        148,
        54,
        null,
        94,
        null,
        null,
        null,
        null
      ],
      "/Users/Edward/Projects/podmedics_victory/app/controllers/application_controller.rb": [
        1,
        1,
        1,
        1,
        null,
        1,
        1,
        null,
        1,
        null,
        1,
        1068,
        null,
        null,
        1,
        null,
        null,
        null,
        1,
        1064,
        16,
        null,
        null,
        null,
        1,
        null,
        null,
        3886,
        3886,
        null,
        4,
        4,
        4,
        null,
        null,
        3886,
        null,
        1,
        null,
        1,
        1044,
        640,
        null,
        null,
        null,
        null
      ],
      "/Users/Edward/Projects/podmedics_victory/app/helpers/application_helper.rb": [
        1,
        null,
        1,
        8,
        8,
        2,
        null,
        null,
        8,
        null,
        null,
        1,
        null,
        236,
        null,
        null,
        1,
        644,
        null,
        null,
        null
      ],
      "/Users/Edward/Projects/podmedics_victory/app/helpers/admin/dashboards_helper.rb": [
        1,
        null
      ],
      "/Users/Edward/Projects/podmedics_victory/app/helpers/comments_helper.rb": [
        1,
        null
      ],
      "/Users/Edward/Projects/podmedics_victory/app/helpers/dashboards_helper.rb": [
        1,
        null,
        1,
        12,
        null,
        null
      ],
      "/Users/Edward/Projects/podmedics_victory/app/helpers/questions_helper.rb": [
        1,
        null,
        1,
        226,
        null,
        null,
        1,
        452,
        null,
        null,
        null
      ],
      "/Users/Edward/Projects/podmedics_victory/app/helpers/sessions_helper.rb": [
        1,
        null
      ],
      "/Users/Edward/Projects/podmedics_victory/app/helpers/videos_helper.rb": [
        1,
        null,
        1,
        16,
        null,
        null
      ],
      "/Users/Edward/Projects/podmedics_victory/app/controllers/admin/dashboards_controller.rb": [
        1,
        1,
        null,
        1,
        null,
        null,
        null
      ],
      "/Users/Edward/Projects/podmedics_victory/app/controllers/dashboards_controller.rb": [
        1,
        1,
        null,
        1,
        100,
        100,
        null,
        100,
        null,
        null,
        null
      ],
      "/Users/Edward/Projects/podmedics_victory/app/controllers/questions_controller.rb": [
        1,
        1,
        null,
        1,
        26,
        26,
        26,
        null,
        null,
        1,
        8,
        8,
        8,
        8,
        null,
        null,
        1,
        116,
        116,
        116,
        116,
        null,
        null,
        1,
        106,
        106,
        106,
        106,
        106,
        106,
        106,
        null,
        null,
        1,
        4,
        4,
        4,
        4,
        4,
        4,
        null,
        null,
        1,
        null,
        1,
        34,
        34,
        34,
        null,
        null,
        1,
        34,
        34,
        34,
        null,
        null,
        1,
        92,
        null,
        null,
        1,
        4,
        4,
        4,
        null,
        null,
        1,
        106,
        106,
        106,
        null,
        null,
        1,
        106,
        90,
        null,
        null,
        106,
        92,
        92,
        null,
        null,
        null,
        1,
        106,
        null,
        0,
        null,
        106,
        null,
        0,
        null,
        0,
        null,
        0,
        null,
        null,
        null,
        null
      ],
      "/Users/Edward/Projects/podmedics_victory/app/controllers/static_pages_controller.rb": [
        1,
        1,
        null,
        1,
        30,
        null,
        null,
        1,
        null,
        null,
        1,
        6,
        null,
        null,
        1,
        10,
        null,
        null,
        1,
        null,
        null,
        1,
        null,
        null,
        1,
        2,
        null,
        null,
        null
      ],
      "/Users/Edward/Projects/podmedics_victory/app/models/badge.rb": [
        1,
        null,
        1,
        1,
        1,
        1,
        1,
        null
      ],
      "/Users/Edward/Projects/podmedics_victory/app/models/category.rb": [
        1,
        1,
        1,
        1,
        null,
        1,
        10,
        null,
        null,
        null
      ],
      "/Users/Edward/Projects/podmedics_victory/app/models/comment.rb": [
        1,
        1,
        1,
        1,
        null,
        1,
        null,
        1,
        1,
        1,
        null,
        1,
        4,
        4,
        null,
        null,
        1,
        2,
        2,
        null,
        null,
        null
      ],
      "/Users/Edward/Projects/podmedics_victory/app/models/course.rb": [
        1,
        1,
        null
      ],
      "/Users/Edward/Projects/podmedics_victory/app/models/faq.rb": [
        1,
        null,
        1,
        null,
        1,
        4,
        null,
        null,
        null
      ],
      "/Users/Edward/Projects/podmedics_victory/app/models/permission.rb": [
        1,
        null,
        1,
        1090,
        1090,
        1090,
        1090,
        1090,
        662,
        662,
        662,
        12,
        null,
        662,
        662,
        662,
        662,
        662,
        null,
        null,
        null,
        null,
        1,
        1120,
        1120,
        null,
        null,
        1,
        8994,
        8994,
        8994,
        23204,
        null,
        null,
        null,
        null,
        1,
        236,
        null,
        null,
        null
      ],
      "/Users/Edward/Projects/podmedics_victory/app/models/question.rb": [
        1,
        null,
        1,
        null,
        1,
        1,
        1,
        1,
        1,
        1,
        1,
        1,
        1,
        null,
        1,
        null,
        1,
        0,
        0,
        0,
        0,
        0,
        null,
        null,
        null,
        null
      ],
      "/Users/Edward/Projects/podmedics_victory/app/models/video.rb": [
        1,
        1,
        1,
        null,
        1,
        1,
        null,
        1,
        1,
        1,
        null,
        1,
        1,
        1,
        1,
        1,
        1,
        null,
        1,
        null,
        1,
        100,
        null,
        null,
        1,
        0,
        0,
        0,
        0,
        null,
        0,
        null,
        null,
        null,
        1,
        50,
        50,
        null,
        0,
        null,
        null,
        50,
        null,
        null
      ],
      "/Users/Edward/Projects/podmedics_victory/app/models/specialty.rb": [
        1,
        1,
        1,
        1,
        59,
        1,
        1,
        null,
        1,
        null,
        1,
        null
      ],
      "/Users/Edward/Projects/podmedics_victory/app/models/user_progress.rb": [
        1,
        null,
        1,
        18,
        18,
        null,
        null,
        1,
        10,
        10,
        10,
        null,
        10,
        null,
        null,
        1,
        null,
        null,
        10,
        10,
        10,
        null,
        null,
        1,
        null,
        1,
        0,
        0,
        0,
        0,
        0,
        0,
        0,
        0,
        0,
        0,
        0,
        null,
        null,
        null,
        1,
        0,
        null,
        null,
        null,
        null
      ],
      "/Users/Edward/Projects/podmedics_victory/app/models/user.rb": [
        1,
        null,
        1,
        1,
        1,
        1,
        1,
        1,
        null,
        1,
        8,
        8,
        8,
        8,
        8,
        null,
        8,
        0,
        null,
        null,
        8,
        0,
        null,
        8,
        null,
        null,
        8,
        8,
        8,
        null,
        8,
        null,
        null,
        null,
        1,
        92,
        92,
        92,
        null,
        null
      ],
      "/Users/Edward/Projects/podmedics_victory/app/models/user_question.rb": [
        1,
        null,
        1,
        null,
        1,
        1,
        null,
        1,
        34,
        280,
        270,
        null,
        null,
        null,
        null,
        1,
        106,
        null,
        106,
        88,
        88,
        null,
        null,
        null,
        1,
        452,
        452,
        null,
        null,
        1,
        null,
        1,
        452,
        452,
        452,
        500,
        500,
        60,
        null,
        null,
        452,
        null,
        null,
        1,
        null,
        510,
        null,
        null,
        null
      ],
      "/Users/Edward/Projects/podmedics_victory/app/controllers/specialties_controller.rb": [
        1,
        1,
        null,
        1,
        10,
        10,
        10,
        null,
        null,
        null
      ],
      "/Users/Edward/Projects/podmedics_victory/app/helpers/progress_bar.rb": [
        1,
        null,
        1,
        226,
        226,
        226,
        null,
        null,
        1,
        null,
        null,
        226,
        null,
        null,
        1,
        null,
        1,
        226,
        null,
        null,
        1,
        226,
        226,
        null,
        12,
        null,
        12,
        null,
        46,
        null,
        12,
        null,
        24,
        null,
        12,
        null,
        24,
        null,
        12,
        null,
        24,
        null,
        12,
        null,
        36,
        null,
        null,
        null,
        1,
        678,
        null,
        null,
        null
      ],
      "/Users/Edward/Projects/podmedics_victory/app/helpers/general_user_performance.rb": [
        1,
        null,
        1,
        452,
        452,
        452,
        null,
        null,
        1,
        null,
        452,
        null,
        null,
        1,
        null,
        1,
        452,
        null,
        null,
        1,
        452,
        null,
        226,
        null,
        226,
        null,
        null,
        null,
        1,
        904,
        null,
        null,
        null
      ],
      "/Users/Edward/Projects/podmedics_victory/app/controllers/users_controller.rb": [
        1,
        1,
        null,
        1,
        24,
        null,
        null,
        1,
        2,
        null,
        null,
        1,
        6,
        6,
        2,
        2,
        null,
        4,
        null,
        null,
        null,
        1,
        4,
        null,
        null,
        1,
        38,
        null,
        null,
        1,
        null,
        1,
        6,
        null,
        null,
        null
      ],
      "/Users/Edward/Projects/podmedics_victory/app/controllers/admin/categories_controller.rb": [
        1,
        1,
        1,
        null,
        1,
        8,
        null,
        null,
        1,
        4,
        null,
        null,
        1,
        null,
        1,
        10,
        null,
        null,
        null
      ],
      "/Users/Edward/Projects/podmedics_victory/app/controllers/videos_controller.rb": [
        1,
        1,
        null,
        1,
        16,
        16,
        null,
        null,
        null
      ],
      "/Users/Edward/Projects/podmedics_victory/app/controllers/admin/users_controller.rb": [
        1,
        1,
        1,
        null,
        1,
        10,
        null,
        null,
        1,
        4,
        null,
        null,
        1,
        null,
        null,
        1,
        2,
        2,
        null,
        0,
        0,
        null,
        null,
        null,
        1,
        null,
        null,
        1,
        4,
        4,
        4,
        null,
        0,
        0,
        null,
        null,
        null,
        1,
        2,
        2,
        null,
        null,
        1,
        null,
        1,
        12,
        null,
        null,
        1,
        null,
        1,
        6,
        null,
        null,
        null
      ],
      "/Users/Edward/Projects/podmedics_victory/app/controllers/admin/videos_controller.rb": [
        1,
        1,
        1,
        null,
        1,
        null,
        1,
        4,
        null,
        null,
        1,
        4,
        null,
        null,
        1,
        0,
        0,
        null,
        null,
        1,
        6,
        null,
        null,
        1,
        2,
        2,
        null,
        null,
        1,
        2,
        2,
        null,
        null,
        1,
        null,
        1,
        10,
        null,
        null,
        1,
        null,
        1,
        22,
        null,
        null,
        null
      ],
      "/Users/Edward/Projects/podmedics_victory/app/controllers/admin/specialties_controller.rb": [
        1,
        1,
        1,
        null,
        1,
        null,
        1,
        8,
        null,
        null,
        1,
        4,
        null,
        null,
        1,
        10,
        null,
        null,
        1,
        null,
        1,
        14,
        null,
        null,
        1,
        null,
        1,
        14,
        null,
        null,
        null
      ],
      "/Users/Edward/Projects/podmedics_victory/app/controllers/courses_controller.rb": [
        1,
        1,
        null,
        1,
        4,
        null,
        null,
        null
      ],
      "/Users/Edward/Projects/podmedics_victory/app/controllers/admin/questions_controller.rb": [
        1,
        1,
        1,
        1,
        null,
        1,
        6,
        null,
        null,
        1,
        6,
        6,
        4,
        null,
        2,
        2,
        null,
        null,
        null,
        1,
        null,
        null,
        1,
        2,
        2,
        null,
        0,
        null,
        null,
        null,
        1,
        0,
        0,
        null,
        null,
        1,
        null,
        1,
        16,
        null,
        null,
        1,
        4,
        null,
        null,
        1,
        8,
        null,
        null,
        null,
        null
      ],
      "/Users/Edward/Projects/podmedics_victory/app/controllers/admin/courses_controller.rb": [
        1,
        1,
        1,
        null,
        1,
        4,
        null,
        null,
        1,
        4,
        null,
        null,
        1,
        null,
        1,
        6,
        null,
        null,
        null
      ],
      "/Users/Edward/Projects/podmedics_victory/app/controllers/admin/faqs_controller.rb": [
        1,
        1,
        1,
        null,
        1,
        4,
        null,
        null,
        1,
        4,
        null,
        null,
        1,
        null,
        1,
        6,
        null,
        null,
        null
      ]
    },
    "timestamp": 1396975869
  }
}
