{
  "RSpec": {
    "coverage": {
      "/Users/Edward/Projects/podmedics_victory/app/controllers/sessions_controller.rb": [
        1,
        null,
        1,
        null,
        null,
        1,
        23,
        23,
        23,
        23,
        null,
        0,
        0,
        null,
        null,
        null,
        1,
        0,
        0,
        0,
        null,
        null,
        1,
        null,
        null,
        1,
        0,
        0,
        null,
        null,
        1,
        null,
        1,
        23,
        13,
        null,
        10,
        null,
        null,
        null,
        null
      ],
      "/Users/Edward/Projects/podmedics_victory/app/controllers/application_controller.rb": [
        1,
        1,
        1,
        1,
        null,
        1,
        1,
        null,
        1,
        null,
        1,
        221,
        null,
        null,
        1,
        null,
        null,
        null,
        1,
        221,
        0,
        null,
        null,
        null,
        1,
        null,
        null,
        806,
        806,
        null,
        0,
        0,
        0,
        null,
        null,
        806,
        null,
        1,
        null,
        1,
        221,
        153,
        null,
        null,
        null,
        null
      ],
      "/Users/Edward/Projects/podmedics_victory/app/helpers/application_helper.rb": [
        1,
        null,
        1,
        0,
        0,
        0,
        null,
        null,
        0,
        null,
        null,
        1,
        null,
        70,
        null,
        null,
        1,
        180,
        null,
        null,
        null
      ],
      "/Users/Edward/Projects/podmedics_victory/app/helpers/admin/dashboards_helper.rb": [
        1,
        null
      ],
      "/Users/Edward/Projects/podmedics_victory/app/helpers/comments_helper.rb": [
        1,
        null
      ],
      "/Users/Edward/Projects/podmedics_victory/app/helpers/dashboards_helper.rb": [
        1,
        null,
        1,
        0,
        null,
        null
      ],
      "/Users/Edward/Projects/podmedics_victory/app/helpers/questions_helper.rb": [
        1,
        null,
        1,
        65,
        null,
        null,
        1,
        130,
        null,
        null,
        null
      ],
      "/Users/Edward/Projects/podmedics_victory/app/helpers/sessions_helper.rb": [
        1,
        null
      ],
      "/Users/Edward/Projects/podmedics_victory/app/helpers/videos_helper.rb": [
        1,
        null,
        1,
        2,
        null,
        null
      ],
      "/Users/Edward/Projects/podmedics_victory/app/controllers/admin/dashboards_controller.rb": [
        1,
        1,
        null,
        1,
        null,
        null,
        null
      ],
      "/Users/Edward/Projects/podmedics_victory/app/controllers/dashboards_controller.rb": [
        1,
        1,
        null,
        1,
        11,
        11,
        null,
        11,
        null,
        null,
        null
      ],
      "/Users/Edward/Projects/podmedics_victory/app/controllers/questions_controller.rb": [
        1,
        1,
        null,
        1,
        0,
        0,
        0,
        null,
        null,
        1,
        4,
        4,
        4,
        4,
        null,
        null,
        1,
        33,
        33,
        33,
        33,
        null,
        null,
        1,
        31,
        31,
        31,
        31,
        31,
        31,
        31,
        null,
        null,
        1,
        1,
        1,
        1,
        1,
        1,
        1,
        null,
        null,
        1,
        null,
        1,
        4,
        4,
        4,
        null,
        null,
        1,
        4,
        4,
        4,
        null,
        null,
        1,
        29,
        null,
        null,
        1,
        1,
        1,
        1,
        null,
        null,
        1,
        31,
        31,
        31,
        null,
        null,
        1,
        31,
        31,
        null,
        null,
        31,
        29,
        29,
        null,
        null,
        null,
        1,
        31,
        null,
        0,
        null,
        31,
        null,
        0,
        null,
        0,
        null,
        0,
        null,
        null,
        null,
        null
      ],
      "/Users/Edward/Projects/podmedics_victory/app/controllers/static_pages_controller.rb": [
        1,
        1,
        null,
        1,
        9,
        null,
        null,
        1,
        null,
        null,
        1,
        3,
        null,
        null,
        1,
        5,
        null,
        null,
        1,
        null,
        null,
        1,
        null,
        null,
        1,
        1,
        null,
        null,
        null
      ],
      "/Users/Edward/Projects/podmedics_victory/app/models/badge.rb": [
        1,
        null,
        1,
        1,
        1,
        1,
        1,
        null
      ],
      "/Users/Edward/Projects/podmedics_victory/app/models/category.rb": [
        1,
        1,
        1,
        1,
        null,
        1,
        5,
        null,
        null,
        null
      ],
      "/Users/Edward/Projects/podmedics_victory/app/models/comment.rb": [
        1,
        1,
        1,
        1,
        null,
        1,
        null,
        1,
        1,
        1,
        null,
        1,
        0,
        0,
        null,
        null,
        1,
        0,
        0,
        null,
        null,
        null
      ],
      "/Users/Edward/Projects/podmedics_victory/app/models/course.rb": [
        1,
        1,
        null
      ],
      "/Users/Edward/Projects/podmedics_victory/app/models/faq.rb": [
        1,
        null,
        1,
        null,
        1,
        1,
        null,
        null,
        null
      ],
      "/Users/Edward/Projects/podmedics_victory/app/models/permission.rb": [
        1,
        null,
        1,
        221,
        221,
        221,
        221,
        221,
        153,
        153,
        153,
        0,
        null,
        153,
        153,
        153,
        153,
        153,
        null,
        null,
        null,
        null,
        1,
        221,
        221,
        null,
        null,
        1,
        1955,
        1955,
        1955,
        4930,
        null,
        null,
        null,
        null,
        1,
        62,
        null,
        null,
        null
      ],
      "/Users/Edward/Projects/podmedics_victory/app/models/question.rb": [
        1,
        null,
        1,
        null,
        1,
        1,
        1,
        1,
        1,
        1,
        1,
        1,
        1,
        null,
        1,
        null,
        1,
        0,
        0,
        0,
        0,
        0,
        null,
        null,
        null,
        null
      ],
      "/Users/Edward/Projects/podmedics_victory/app/models/video.rb": [
        1,
        1,
        1,
        null,
        1,
        1,
        null,
        1,
        1,
        1,
        null,
        1,
        1,
        1,
        1,
        1,
        1,
        null,
        1,
        null,
        1,
        11,
        null,
        null,
        1,
        0,
        0,
        0,
        0,
        null,
        0,
        null,
        null,
        null,
        1,
        6,
        6,
        null,
        0,
        null,
        null,
        6,
        null,
        null
      ],
      "/Users/Edward/Projects/podmedics_victory/app/models/specialty.rb": [
        1,
        1,
        1,
        1,
        30,
        1,
        1,
        null,
        1,
        null,
        1,
        null
      ],
      "/Users/Edward/Projects/podmedics_victory/app/models/user_progress.rb": [
        1,
        null,
        1,
        5,
        5,
        null,
        null,
        1,
        5,
        5,
        5,
        null,
        5,
        null,
        null,
        1,
        null,
        null,
        5,
        5,
        5,
        null,
        null,
        1,
        null,
        1,
        0,
        0,
        0,
        0,
        0,
        0,
        0,
        0,
        0,
        0,
        0,
        null,
        null,
        null,
        1,
        0,
        null,
        null,
        null,
        null
      ],
      "/Users/Edward/Projects/podmedics_victory/app/models/user.rb": [
        1,
        null,
        1,
        1,
        1,
        1,
        1,
        1,
        null,
        1,
        0,
        0,
        0,
        0,
        0,
        null,
        0,
        0,
        null,
        null,
        0,
        0,
        null,
        0,
        null,
        null,
        0,
        0,
        0,
        null,
        0,
        null,
        null,
        null,
        1,
        31,
        31,
        31,
        null,
        null
      ],
      "/Users/Edward/Projects/podmedics_victory/app/models/user_question.rb": [
        1,
        null,
        1,
        null,
        1,
        1,
        null,
        1,
        4,
        91,
        91,
        null,
        null,
        null,
        null,
        1,
        31,
        null,
        31,
        31,
        31,
        null,
        null,
        null,
        1,
        130,
        130,
        null,
        null,
        1,
        null,
        1,
        130,
        130,
        130,
        130,
        130,
        6,
        null,
        null,
        130,
        null,
        null,
        1,
        null,
        135,
        null,
        null,
        null
      ],
      "/Users/Edward/Projects/podmedics_victory/app/controllers/specialties_controller.rb": [
        1,
        1,
        null,
        1,
        5,
        5,
        5,
        null,
        null,
        null
      ],
      "/Users/Edward/Projects/podmedics_victory/app/helpers/progress_bar.rb": [
        1,
        null,
        1,
        65,
        65,
        65,
        null,
        null,
        1,
        null,
        null,
        65,
        null,
        null,
        1,
        null,
        1,
        65,
        null,
        null,
        1,
        65,
        65,
        null,
        6,
        null,
        6,
        null,
        6,
        null,
        6,
        null,
        6,
        null,
        6,
        null,
        6,
        null,
        6,
        null,
        6,
        null,
        6,
        null,
        5,
        null,
        null,
        null,
        1,
        195,
        null,
        null,
        null
      ],
      "/Users/Edward/Projects/podmedics_victory/app/helpers/general_user_performance.rb": [
        1,
        null,
        1,
        130,
        130,
        130,
        null,
        null,
        1,
        null,
        130,
        null,
        null,
        1,
        null,
        1,
        130,
        null,
        null,
        1,
        130,
        null,
        65,
        null,
        65,
        null,
        null,
        null,
        1,
        260,
        null,
        null,
        null
      ],
      "/Users/Edward/Projects/podmedics_victory/app/controllers/admin/users_controller.rb": [
        1,
        1,
        1,
        null,
        1,
        6,
        null,
        null,
        1,
        3,
        null,
        null,
        1,
        null,
        null,
        1,
        1,
        1,
        null,
        0,
        0,
        null,
        null,
        null,
        1,
        null,
        null,
        1,
        3,
        3,
        3,
        null,
        0,
        0,
        null,
        null,
        null,
        1,
        1,
        1,
        null,
        null,
        1,
        null,
        1,
        7,
        null,
        null,
        1,
        null,
        1,
        4,
        null,
        null,
        null
      ],
      "/Users/Edward/Projects/podmedics_victory/app/controllers/courses_controller.rb": [
        1,
        1,
        null,
        1,
        2,
        null,
        null,
        null
      ],
      "/Users/Edward/Projects/podmedics_victory/app/controllers/admin/videos_controller.rb": [
        1,
        1,
        1,
        null,
        1,
        null,
        1,
        2,
        null,
        null,
        1,
        2,
        null,
        null,
        1,
        0,
        0,
        null,
        null,
        1,
        3,
        null,
        null,
        1,
        1,
        1,
        null,
        null,
        1,
        1,
        1,
        null,
        null,
        1,
        null,
        1,
        5,
        null,
        null,
        1,
        null,
        1,
        11,
        null,
        null,
        null
      ],
      "/Users/Edward/Projects/podmedics_victory/app/controllers/admin/specialties_controller.rb": [
        1,
        1,
        1,
        null,
        1,
        null,
        1,
        0,
        null,
        null,
        1,
        0,
        null,
        null,
        1,
        0,
        null,
        null,
        1,
        null,
        1,
        0,
        null,
        null,
        1,
        null,
        1,
        4,
        null,
        null,
        null
      ],
      "/Users/Edward/Projects/podmedics_victory/app/controllers/videos_controller.rb": [
        1,
        1,
        null,
        1,
        2,
        2,
        null,
        null,
        null
      ],
      "/Users/Edward/Projects/podmedics_victory/app/controllers/admin/questions_controller.rb": [
        1,
        1,
        1,
        1,
        null,
        1,
        3,
        null,
        null,
        1,
        3,
        3,
        2,
        null,
        1,
        1,
        null,
        null,
        null,
        1,
        null,
        null,
        1,
        1,
        1,
        null,
        0,
        null,
        null,
        null,
        1,
        0,
        0,
        null,
        null,
        1,
        null,
        1,
        8,
        null,
        null,
        1,
        2,
        null,
        null,
        1,
        4,
        null,
        null,
        null,
        null
      ]
    },
    "timestamp": 1396983530
  }
}
